<?xml version="1.0" encoding="UTF-8"?>
<!-- Generated by org.testng.reporters.JUnitXMLReporter -->
<testsuite hostname="Sachin-PC" ignored="0" name="Test" tests="1" failures="0" timestamp="08 Oct 2018 17:09:06 GMT" time="0.075" errors="0">
  <testcase name="@BeforeMethod precondition" time="0.039" classname="autoit.ComposeEmailWithAttachement">
    <failure type="java.lang.IllegalStateException" message="The path to the driver executable must be set by the webdriver.chrome.driver system property; for more information, see http://code.google.com/p/selenium/wiki/ChromeDriver. The latest version can be downloaded from http://chromedriver.storage.googleapis.com/index.html">
      <![CDATA[java.lang.IllegalStateException: The path to the driver executable must be set by the webdriver.chrome.driver system property; for more information, see http://code.google.com/p/selenium/wiki/ChromeDriver. The latest version can be downloaded from http://chromedriver.storage.googleapis.com/index.html
at com.google.common.base.Preconditions.checkState(Preconditions.java:197)
at org.openqa.selenium.remote.service.DriverService.findExecutable(DriverService.java:105)
at org.openqa.selenium.chrome.ChromeDriverService.createDefaultService(ChromeDriverService.java:89)
at org.openqa.selenium.chrome.ChromeDriver.<init>(ChromeDriver.java:117)
at autoit.ComposeEmailWithAttachement.precondition(ComposeEmailWithAttachement.java:26)
... Removed 28 stack frames]]>
    </failure>
  </testcase> <!-- @BeforeMethod precondition -->
  <testcase name="@AfterMethod closeBrowser" time="0.0" classname="autoit.ComposeEmailWithAttachement">
    <skipped/>
  </testcase> <!-- @AfterMethod closeBrowser -->
  <testcase name="composeEmailWithAttachement" time="0.0" classname="autoit.ComposeEmailWithAttachement">
    <skipped/>
  </testcase> <!-- composeEmailWithAttachement -->
</testsuite> <!-- Test -->
