<?xml version="1.0" encoding="UTF-8"?>
<testng-results skipped="0" failed="0" ignored="0" total="1" passed="1">
  <reporter-output>
  </reporter-output>
  <suite name="Default suite" duration-ms="30" started-at="2018-10-09T04:08:59Z" finished-at="2018-10-09T04:08:59Z">
    <groups>
    </groups>
    <test name="Default test" duration-ms="30" started-at="2018-10-09T04:08:59Z" finished-at="2018-10-09T04:08:59Z">
      <class name="autoit.LoggingDemo">
        <test-method status="PASS" signature="LoggingDemo()[pri:0, instance:autoit.LoggingDemo@5c18298f]" name="LoggingDemo" duration-ms="7" started-at="2018-10-09T04:08:59Z" finished-at="2018-10-09T04:08:59Z">
          <reporter-output>
          </reporter-output>
        </test-method> <!-- LoggingDemo -->
      </class> <!-- autoit.LoggingDemo -->
    </test> <!-- Default test -->
  </suite> <!-- Default suite -->
</testng-results>
